#
# There is insufficient memory for the Java Runtime Environment to continue.
# Native memory allocation (malloc) failed to allocate 1048576 bytes for AllocateHeap
# Possible reasons:
#   The system is out of physical RAM or swap space
#   The process is running with CompressedOops enabled, and the Java Heap may be blocking the growth of the native heap
# Possible solutions:
#   Reduce memory load on the system
#   Increase physical memory or swap space
#   Check if swap backing store is full
#   Decrease Java heap size (-Xmx/-Xms)
#   Decrease number of Java threads
#   Decrease Java thread stack sizes (-Xss)
#   Set larger code cache with -XX:ReservedCodeCacheSize=
#   JVM is running with Unscaled Compressed Oops mode in which the Java heap is
#     placed in the first 4GB address space. The Java Heap base address is the
#     maximum limit for the native heap growth. Please use -XX:HeapBaseMinAddress
#     to set the Java Heap base and to place the Java Heap above 4GB virtual address.
# This output file may be truncated or incomplete.
#
#  Out of Memory Error (memory/allocation.inline.hpp:61), pid=30852, tid=0x00000000000058f0
#
# JRE version:  (8.0_241-b07) (build )
# Java VM: Java HotSpot(TM) 64-Bit Server VM (25.241-b07 mixed mode windows-amd64 compressed oops)
# Failed to write core dump. Minidumps are not enabled by default on client versions of Windows
#

---------------  T H R E A D  ---------------

Current thread (0x00000000013ee000):  JavaThread "Unknown thread" [_thread_in_vm, id=22768, stack(0x0000000003150000,0x0000000003250000)]

Stack: [0x0000000003150000,0x0000000003250000]
[error occurred during error reporting (printing stack bounds), id 0xc0000005]

Native frames: (J=compiled Java code, j=interpreted, Vv=VM code, C=native code)


---------------  P R O C E S S  ---------------

Java Threads: ( => current thread )

Other Threads:

=>0x00000000013ee000 (exited) JavaThread "Unknown thread" [_thread_in_vm, id=22768, stack(0x0000000003150000,0x0000000003250000)]

VM state:not at safepoint (normal execution)

VM Mutex/Monitor currently owned by a thread: None

heap address: 0x0000000082800000, size: 2008 MB, Compressed Oops mode: 32-bit
Narrow klass base: 0x0000000000000000, Narrow klass shift: 3
Compressed class space size: 1073741824 Address: 0x0000000100000000

Heap:
 PSYoungGen      total 37888K, used 655K [0x00000000d6300000, 0x00000000d8d00000, 0x0000000100000000)
  eden space 32768K, 2% used [0x00000000d6300000,0x00000000d63a3d80,0x00000000d8300000)
  from space 5120K, 0% used [0x00000000d8800000,0x00000000d8800000,0x00000000d8d00000)
  to   space 5120K, 0% used [0x00000000d8300000,0x00000000d8300000,0x00000000d8800000)
 ParOldGen       total 86016K, used 0K [0x0000000082800000, 0x0000000087c00000, 0x00000000d6300000)
  object space 86016K, 0% used [0x0000000082800000,0x0000000082800000,0x0000000087c00000)
 Metaspace       used 752K, capacity 4480K, committed 4480K, reserved 1056768K
  class space    used 76K, capacity 384K, committed 384K, reserved 1048576K

Card table byte_map: [0x0000000012710000,0x0000000012b00000] byte_map_base: 0x00000000122fc000

Marking Bits: (ParMarkBitMap*) 0x0000000072e1be30
 Begin Bits: [0x00000000135a0000, 0x0000000015500000)
 End Bits:   [0x0000000015500000, 0x0000000017460000)

Polling page: 0x0000000000ff0000

CodeCache: size=245760Kb used=328Kb max_used=328Kb free=245431Kb
 bounds [0x0000000003350000, 0x00000000035c0000, 0x0000000012350000]
 total_blobs=58 nmethods=0 adapters=38
 compilation: enabled

Compilation events (0 events):
No events

GC Heap History (0 events):
No events

Deoptimization events (0 events):
No events

Classes redefined (0 events):
No events

Internal exceptions (0 events):
No events

Events (10 events):
Event: 0.025 loading class java/lang/Short
Event: 0.026 loading class java/lang/Short done
Event: 0.026 loading class java/lang/Integer
Event: 0.026 loading class java/lang/Integer done
Event: 0.026 loading class java/lang/Long
Event: 0.026 loading class java/lang/Long done
Event: 0.026 loading class java/lang/NullPointerException
Event: 0.026 loading class java/lang/NullPointerException done
Event: 0.026 loading class java/lang/ArithmeticException
Event: 0.026 loading class java/lang/ArithmeticException done


Dynamic libraries:
0x00007ff6fad30000 - 0x00007ff6fad67000 	C:\Program Files\Java\jre1.8.0_241\bin\javaw.exe
0x00007ff9b8280000 - 0x00007ff9b8470000 	C:\WINDOWS\SYSTEM32\ntdll.dll
0x00007ff9b6d50000 - 0x00007ff9b6e02000 	C:\WINDOWS\System32\KERNEL32.DLL
0x00007ff9b5ee0000 - 0x00007ff9b6183000 	C:\WINDOWS\System32\KERNELBASE.dll
0x00007ff9b6e10000 - 0x00007ff9b6eb3000 	C:\WINDOWS\System32\ADVAPI32.dll
0x00007ff9b6330000 - 0x00007ff9b63ce000 	C:\WINDOWS\System32\msvcrt.dll
0x00007ff9b81a0000 - 0x00007ff9b8237000 	C:\WINDOWS\System32\sechost.dll
0x00007ff9b7430000 - 0x00007ff9b7550000 	C:\WINDOWS\System32\RPCRT4.dll
0x00007ff9b6850000 - 0x00007ff9b69e4000 	C:\WINDOWS\System32\USER32.dll
0x00007ff9b5700000 - 0x00007ff9b5721000 	C:\WINDOWS\System32\win32u.dll
0x00007ff9b7d80000 - 0x00007ff9b7da6000 	C:\WINDOWS\System32\GDI32.dll
0x00007ff9b6190000 - 0x00007ff9b6324000 	C:\WINDOWS\System32\gdi32full.dll
0x00007ff9b5210000 - 0x00007ff9b52ae000 	C:\WINDOWS\System32\msvcp_win.dll
0x00007ff9b54f0000 - 0x00007ff9b55ea000 	C:\WINDOWS\System32\ucrtbase.dll
0x00007ff9a7e30000 - 0x00007ff9a80b5000 	C:\WINDOWS\WinSxS\amd64_microsoft.windows.common-controls_6595b64144ccf1df_6.0.18362.720_none_e6beb5c51314836b\COMCTL32.dll
0x00007ff9b6510000 - 0x00007ff9b6846000 	C:\WINDOWS\System32\combase.dll
0x00007ff9b5400000 - 0x00007ff9b5480000 	C:\WINDOWS\System32\bcryptPrimitives.dll
0x00007ff9b6b00000 - 0x00007ff9b6b2e000 	C:\WINDOWS\System32\IMM32.DLL
0x0000000072ea0000 - 0x0000000072f72000 	C:\Program Files\Java\jre1.8.0_241\bin\msvcr100.dll
0x00000000725f0000 - 0x0000000072e9c000 	C:\Program Files\Java\jre1.8.0_241\bin\server\jvm.dll
0x00007ff9b6ec0000 - 0x00007ff9b6ec8000 	C:\WINDOWS\System32\PSAPI.DLL
0x00007ff9a5bf0000 - 0x00007ff9a5bf9000 	C:\WINDOWS\SYSTEM32\WSOCK32.dll
0x00007ff9af6a0000 - 0x00007ff9af6aa000 	C:\WINDOWS\SYSTEM32\VERSION.dll
0x00007ff9b0250000 - 0x00007ff9b0274000 	C:\WINDOWS\SYSTEM32\WINMM.dll
0x00007ff9b7620000 - 0x00007ff9b768f000 	C:\WINDOWS\System32\WS2_32.dll
0x00007ff9b00a0000 - 0x00007ff9b00cd000 	C:\WINDOWS\SYSTEM32\winmmbase.dll
0x00007ff9b54a0000 - 0x00007ff9b54ea000 	C:\WINDOWS\System32\cfgmgr32.dll
0x00007ff9b02b0000 - 0x00007ff9b02bf000 	C:\Program Files\Java\jre1.8.0_241\bin\verify.dll
0x00007ff9ae000000 - 0x00007ff9ae029000 	C:\Program Files\Java\jre1.8.0_241\bin\java.dll
0x00007ff9aa900000 - 0x00007ff9aa916000 	C:\Program Files\Java\jre1.8.0_241\bin\zip.dll

VM Arguments:
jvm_args: -Dfile.encoding=Cp1252 
java_command: net.scm.ui.AppMain
java_class_path (initial): C:\Users\Mukund\git\HIB52\Hib52\bin;C:\Users\Mukund\git\HIB52\Hib52\lib\antlr-2.7.7.jar;C:\Users\Mukund\git\HIB52\Hib52\lib\classmate-1.3.0.jar;C:\Users\Mukund\git\HIB52\Hib52\lib\dom4j-1.6.1.jar;C:\Users\Mukund\git\HIB52\Hib52\lib\hibernate-commons-annotations-5.0.1.Final.jar;C:\Users\Mukund\git\HIB52\Hib52\lib\hibernate-core-5.2.17.Final.jar;C:\Users\Mukund\git\HIB52\Hib52\lib\hibernate-jpa-2.1-api-1.0.0.Final.jar;C:\Users\Mukund\git\HIB52\Hib52\lib\jandex-2.0.3.Final.jar;C:\Users\Mukund\git\HIB52\Hib52\lib\javassist-3.22.0-GA.jar;C:\Users\Mukund\git\HIB52\Hib52\lib\jboss-logging-3.3.1.Final.jar;C:\Users\Mukund\git\HIB52\Hib52\lib\jboss-transaction-api_1.2_spec-1.0.1.Final.jar;C:\Users\Mukund\git\HIB52\Hib52\lib\postgresql-42.2.2.jar;C:\Users\Mukund\git\HIB52\Hib52\lib\jdatepicker-1.3.4.jar
Launcher Type: SUN_STANDARD

Environment Variables:
PATH=C:/Program Files/Java/jdk-13.0.2/bin/server;C:/Program Files/Java/jdk-13.0.2/bin;C:\Program Files (x86)\Common Files\Oracle\Java\javapath;C:\Program Files (x86)\Intel\Intel(R) Management Engine Components\iCLS\;C:\Program Files\Intel\Intel(R) Management Engine Components\iCLS\;C:\windows\system32;C:\windows;C:\windows\System32\Wbem;C:\windows\System32\WindowsPowerShell\v1.0\;C:\Program Files (x86)\NVIDIA Corporation\PhysX\Common;C:\WINDOWS\system32;C:\WINDOWS;C:\WINDOWS\System32\Wbem;C:\WINDOWS\System32\WindowsPowerShell\v1.0\;C:\WINDOWS\System32\OpenSSH\;C:\php-7-2;C:\Program Files (x86)\Intel\Intel(R) Management Engine Components\DAL;C:\Program Files\Intel\Intel(R) Management Engine Components\DAL;C:\Program Files\Git\cmd;C:\Program Files\Amazon\AWSCLI\bin\;C:\Program Files\dotnet\;C:\Program Files\nodejs\;C:\Users\Mukund\AppData\Local\Microsoft\WindowsApps;C:\Users\Mukund\AppData\Local\Programs\Microsoft VS Code\bin;C:\Users\Mukund\AppData\Roaming\npm;C:\Users\Mukund\AppData\Local\GitHubDesktop\bin;C:\Users\Mukund\Desktop;
USERNAME=Mukund
OS=Windows_NT
PROCESSOR_IDENTIFIER=Intel64 Family 6 Model 142 Stepping 10, GenuineIntel



---------------  S Y S T E M  ---------------

OS: Windows 10.0 , 64 bit Build 18362 (10.0.18362.329)

CPU:total 8 (initial active 8) (4 cores per cpu, 2 threads per core) family 6 model 142 stepping 10, cmov, cx8, fxsr, mmx, sse, sse2, sse3, ssse3, sse4.1, sse4.2, popcnt, avx, avx2, aes, clmul, erms, 3dnowpref, lzcnt, ht, tsc, tscinvbit, bmi1, bmi2, adx

Memory: 4k page, physical 8218788k(1205732k free), swap 33384612k(6004k free)

vm_info: Java HotSpot(TM) 64-Bit Server VM (25.241-b07) for windows-amd64 JRE (1.8.0_241-b07), built on Dec 11 2019 10:21:40 by "rejava" with MS VC++ 10.0 (VS2010)

time: Sat Mar 28 18:50:24 2020
timezone: India Standard Time
elapsed time: 0 seconds (0d 0h 0m 0s)

